Build started 17/08/2013 18:52:51.
     1>Project "G:\Programacao\Denise Moraes Pinho - Trabalho - Programacao - Grau B\OrcsQuest\base.vcxproj" on node 2 (build target(s)).
     1>InitializeBuildStatus:
         Touching "Release\base.unsuccessfulbuild".
       ClCompile:
         c:\Program Files (x86)\Microsoft Visual Studio 10.0\VC\bin\CL.exe /c /I../egl/include /Zi /nologo /W3 /WX- /O2 /Oi /Oy- /GL /D WIN32 /D NDEBUG /D _WINDOWS /D _UNICODE /D UNICODE /Gm- /EHsc /MD /GS /Gy /fp:precise /Zc:wchar_t /Zc:forScope /Fo"Release\\" /Fd"Release\vc100.pdb" /Gd /TP /analyze- /errorReport:prompt Elfo.cpp Flecha.cpp Floresta.cpp Jogo.cpp main.cpp OrcsSoldados.cpp Sons.cpp /I../egl/ 
         Elfo.cpp
     1>Elfo.cpp(5): fatal error C1083: Cannot open include file: 'engcomp_glib.h': No such file or directory
         Flecha.cpp
     1>Flecha.cpp(5): fatal error C1083: Cannot open include file: 'engcomp_glib.h': No such file or directory
         Floresta.cpp
     1>Floresta.cpp(5): fatal error C1083: Cannot open include file: 'engcomp_glib.h': No such file or directory
         Jogo.cpp
     1>Jogo.cpp(6): fatal error C1083: Cannot open include file: 'engcomp_glib.h': No such file or directory
         main.cpp
     1>main.cpp(5): fatal error C1083: Cannot open include file: 'engcomp_glib.h': No such file or directory
         OrcsSoldados.cpp
     1>OrcsSoldados.cpp(5): fatal error C1083: Cannot open include file: 'engcomp_glib.h': No such file or directory
         Sons.cpp
     1>Sons.cpp(5): fatal error C1083: Cannot open include file: 'engcomp_glib.h': No such file or directory
     1>Done Building Project "G:\Programacao\Denise Moraes Pinho - Trabalho - Programacao - Grau B\OrcsQuest\base.vcxproj" (build target(s)) -- FAILED.

Build FAILED.

Time Elapsed 00:00:18.43
